kotlin version: 2.1.0
error message: org.jetbrains.kotlin.backend.common.BackendException: Backend Internal error: Exception during IR lowering
File being compiled: C:/Users/Hamdy-PC/StudioProjects/Forecast/features/current_weather/src/main/java/com/vodafone/current_weather/presentation/CurrentWeatherScreen.kt
The root cause java.lang.RuntimeException was thrown at: org.jetbrains.kotlin.backend.jvm.codegen.FunctionCodegen.generate(FunctionCodegen.kt:48)
	at org.jetbrains.kotlin.backend.common.CodegenUtil.reportBackendException(CodegenUtil.kt:253)
	at org.jetbrains.kotlin.backend.common.CodegenUtil.reportBackendException$default(CodegenUtil.kt:236)
	at org.jetbrains.kotlin.backend.common.phaser.PerformByIrFilePhase.invokeSequential(performByIrFile.kt:55)
	at org.jetbrains.kotlin.backend.common.phaser.PerformByIrFilePhase.invoke(performByIrFile.kt:42)
	at org.jetbrains.kotlin.backend.common.phaser.PerformByIrFilePhase.invoke(performByIrFile.kt:28)
	at org.jetbrains.kotlin.backend.common.phaser.NamedCompilerPhase.phaseBody(CompilerPhase.kt:166)
	at org.jetbrains.kotlin.backend.common.phaser.AbstractNamedCompilerPhase.invoke(CompilerPhase.kt:113)
	at org.jetbrains.kotlin.backend.common.phaser.CompositePhase.invoke(PhaseBuilders.kt:27)
	at org.jetbrains.kotlin.backend.common.phaser.CompositePhase.invoke(PhaseBuilders.kt:14)
	at org.jetbrains.kotlin.backend.common.phaser.NamedCompilerPhase.phaseBody(CompilerPhase.kt:166)
	at org.jetbrains.kotlin.backend.common.phaser.AbstractNamedCompilerPhase.invoke(CompilerPhase.kt:113)
	at org.jetbrains.kotlin.backend.common.phaser.CompilerPhaseKt.invokeToplevel(CompilerPhase.kt:62)
	at org.jetbrains.kotlin.backend.jvm.JvmIrCodegenFactory.invokeCodegen(JvmIrCodegenFactory.kt:371)
	at org.jetbrains.kotlin.codegen.CodegenFactory.generateModule(CodegenFactory.kt:47)
	at org.jetbrains.kotlin.backend.jvm.JvmIrCodegenFactory.generateModuleInFrontendIRMode(JvmIrCodegenFactory.kt:433)
	at org.jetbrains.kotlin.cli.jvm.compiler.pipeline.JvmCompilerPipelineKt.generateCodeFromIr(jvmCompilerPipeline.kt:192)
	at org.jetbrains.kotlin.cli.jvm.compiler.pipeline.JvmCompilerPipelineKt.runBackend(jvmCompilerPipeline.kt:80)
	at org.jetbrains.kotlin.cli.jvm.compiler.pipeline.JvmCompilerPipelineLightTreeKt.compileModule(jvmCompilerPipelineLightTree.kt:264)
	at org.jetbrains.kotlin.cli.jvm.compiler.pipeline.JvmCompilerPipelineLightTreeKt.compileSingleModuleUsingFrontendIrAndLightTree(jvmCompilerPipelineLightTree.kt:231)
	at org.jetbrains.kotlin.cli.jvm.compiler.pipeline.JvmCompilerPipelineLightTreeKt.compileModulesUsingFrontendIrAndLightTree(jvmCompilerPipelineLightTree.kt:86)
	at org.jetbrains.kotlin.cli.jvm.K2JVMCompiler.doExecute(K2JVMCompiler.kt:146)
	at org.jetbrains.kotlin.cli.jvm.K2JVMCompiler.doExecute(K2JVMCompiler.kt:43)
	at org.jetbrains.kotlin.cli.common.CLICompiler.execImpl(CLICompiler.kt:102)
	at org.jetbrains.kotlin.cli.common.CLICompiler.exec(CLICompiler.kt:316)
	at org.jetbrains.kotlin.incremental.IncrementalJvmCompilerRunner.runCompiler(IncrementalJvmCompilerRunner.kt:464)
	at org.jetbrains.kotlin.incremental.IncrementalJvmCompilerRunner.runCompiler(IncrementalJvmCompilerRunner.kt:73)
	at org.jetbrains.kotlin.incremental.IncrementalCompilerRunner.doCompile(IncrementalCompilerRunner.kt:506)
	at org.jetbrains.kotlin.incremental.IncrementalCompilerRunner.compileImpl(IncrementalCompilerRunner.kt:423)
	at org.jetbrains.kotlin.incremental.IncrementalCompilerRunner.compileNonIncrementally(IncrementalCompilerRunner.kt:301)
	at org.jetbrains.kotlin.incremental.IncrementalCompilerRunner.compile(IncrementalCompilerRunner.kt:129)
	at org.jetbrains.kotlin.daemon.CompileServiceImplBase.execIncrementalCompiler(CompileServiceImpl.kt:674)
	at org.jetbrains.kotlin.daemon.CompileServiceImplBase.access$execIncrementalCompiler(CompileServiceImpl.kt:91)
	at org.jetbrains.kotlin.daemon.CompileServiceImpl.compile(CompileServiceImpl.kt:1659)
	at java.base/jdk.internal.reflect.DirectMethodHandleAccessor.invoke(Unknown Source)
	at java.base/java.lang.reflect.Method.invoke(Unknown Source)
	at java.rmi/sun.rmi.server.UnicastServerRef.dispatch(Unknown Source)
	at java.rmi/sun.rmi.transport.Transport$1.run(Unknown Source)
	at java.rmi/sun.rmi.transport.Transport$1.run(Unknown Source)
	at java.base/java.security.AccessController.doPrivileged(Unknown Source)
	at java.rmi/sun.rmi.transport.Transport.serviceCall(Unknown Source)
	at java.rmi/sun.rmi.transport.tcp.TCPTransport.handleMessages(Unknown Source)
	at java.rmi/sun.rmi.transport.tcp.TCPTransport$ConnectionHandler.run0(Unknown Source)
	at java.rmi/sun.rmi.transport.tcp.TCPTransport$ConnectionHandler.lambda$run$0(Unknown Source)
	at java.base/java.security.AccessController.doPrivileged(Unknown Source)
	at java.rmi/sun.rmi.transport.tcp.TCPTransport$ConnectionHandler.run(Unknown Source)
	at java.base/java.util.concurrent.ThreadPoolExecutor.runWorker(Unknown Source)
	at java.base/java.util.concurrent.ThreadPoolExecutor$Worker.run(Unknown Source)
	at java.base/java.lang.Thread.run(Unknown Source)
Caused by: java.lang.RuntimeException: Exception while generating code for:
FUN name:CurrentWeatherScreen visibility:public modality:FINAL <> (city:kotlin.String, onNavigateToForecast:kotlin.Function1<kotlin.String, kotlin.Unit>, viewModel:com.vodafone.current_weather.presentation.CurrentWeatherViewModel) returnType:kotlin.Unit
  annotations:
    Composable
  VALUE_PARAMETER name:city index:0 type:kotlin.String
  VALUE_PARAMETER name:onNavigateToForecast index:1 type:kotlin.Function1<kotlin.String, kotlin.Unit>
  VALUE_PARAMETER name:viewModel index:2 type:com.vodafone.current_weather.presentation.CurrentWeatherViewModel
    EXPRESSION_BODY
      ERROR_EXPR 'Default Stub' type=com.vodafone.current_weather.presentation.CurrentWeatherViewModel
  BLOCK_BODY
    VAR PROPERTY_DELEGATE name:state$delegate type:androidx.compose.runtime.State<com.vodafone.current_weather.presentation.CurrentWeatherState> [val]
      TYPE_OP type=androidx.compose.runtime.State<com.vodafone.current_weather.presentation.CurrentWeatherState> origin=IMPLICIT_CAST typeOperand=androidx.compose.runtime.State<com.vodafone.current_weather.presentation.CurrentWeatherState>
        CALL 'public final fun collectAsState$default <T> (context: kotlin.coroutines.CoroutineContext?, $mask0: kotlin.Int, $handler: kotlin.Any?): androidx.compose.runtime.State<T of androidx.compose.runtime.SnapshotStateKt.collectAsState$default> declared in androidx.compose.runtime.SnapshotStateKt' type=androidx.compose.runtime.State<T of androidx.compose.runtime.SnapshotStateKt.collectAsState$default> origin=DEFAULT_DISPATCH_CALL
          <T>: com.vodafone.current_weather.presentation.CurrentWeatherState
          $receiver: CALL 'public final fun <get-state> (): kotlinx.coroutines.flow.StateFlow<com.vodafone.current_weather.presentation.CurrentWeatherState> declared in com.vodafone.current_weather.presentation.CurrentWeatherViewModel' type=kotlinx.coroutines.flow.StateFlow<com.vodafone.current_weather.presentation.CurrentWeatherState> origin=GET_PROPERTY
            $this: GET_VAR 'viewModel: com.vodafone.current_weather.presentation.CurrentWeatherViewModel declared in com.vodafone.current_weather.presentation.CurrentWeatherScreenKt.CurrentWeatherScreen' type=com.vodafone.current_weather.presentation.CurrentWeatherViewModel origin=null
          context: COMPOSITE type=kotlin.coroutines.CoroutineContext? origin=DEFAULT_VALUE
            CONST Null type=kotlin.coroutines.CoroutineContext? value=null
          $mask0: CONST Int type=kotlin.Int value=1
          $handler: CONST Null type=kotlin.Any? value=null
    CALL 'public final fun LaunchedEffect (key1: kotlin.Any?, block: @[ExtensionFunctionType] kotlin.coroutines.SuspendFunction1<kotlinx.coroutines.CoroutineScope, kotlin.Unit>): kotlin.Unit declared in androidx.compose.runtime.EffectsKt' type=kotlin.Unit origin=null
      key1: GET_VAR 'city: kotlin.String declared in com.vodafone.current_weather.presentation.CurrentWeatherScreenKt.CurrentWeatherScreen' type=kotlin.String origin=null
      block: BLOCK type=com.vodafone.current_weather.presentation.CurrentWeatherScreenKt.CurrentWeatherScreen.<no name provided> origin=null
        CLASS SUSPEND_LAMBDA CLASS name:<no name provided> modality:FINAL visibility:public/*package*/ superTypes:[kotlin.coroutines.jvm.internal.SuspendLambda; kotlin.jvm.functions.Function2<kotlinx.coroutines.CoroutineScope, kotlin.coroutines.Continuation<kotlin.Unit>?, kotlin.Any?>]
          $this: VALUE_PARAMETER INSTANCE_RECEIVER name:<this> type:com.vodafone.current_weather.presentation.CurrentWeatherScreenKt.CurrentWeatherScreen.<no name provided>
          FIELD name:label type:kotlin.Int visibility:public/*package*/
          CONSTRUCTOR SUSPEND_LAMBDA visibility:public/*package*/ <> ($viewModel:com.vodafone.current_weather.presentation.CurrentWeatherViewModel, $city:kotlin.String, $completion:kotlin.coroutines.Continuation<com.vodafone.current_weather.presentation.CurrentWeatherScreenKt.CurrentWeatherScreen.<no name provided>>?) returnType:com.vodafone.current_weather.presentation.CurrentWeatherScreenKt.CurrentWeatherScreen.<no name provided> [primary]
            VALUE_PARAMETER BOUND_VALUE_PARAMETER name:$viewModel index:0 type:com.vodafone.current_weather.presentation.CurrentWeatherViewModel
            VALUE_PARAMETER BOUND_VALUE_PARAMETER name:$city index:1 type:kotlin.String
            VALUE_PARAMETER name:$completion index:2 type:kotlin.coroutines.Continuation<com.vodafone.current_weather.presentation.CurrentWeatherScreenKt.CurrentWeatherScreen.<no name provided>>?
            BLOCK_BODY
              SET_FIELD 'FIELD FIELD_FOR_CAPTURED_VALUE name:$viewModel type:com.vodafone.current_weather.presentation.CurrentWeatherViewModel visibility:public/*package*/ [final] declared in com.vodafone.current_weather.presentation.CurrentWeatherScreenKt.CurrentWeatherScreen.<no name provided>' type=kotlin.Unit origin=INITIALIZER_OF_FIELD_FOR_CAPTURED_VALUE
                receiver: GET_VAR '<this>: com.vodafone.current_weather.presentation.CurrentWeatherScreenKt.CurrentWeatherScreen.<no name provided> declared in com.vodafone.current_weather.presentation.CurrentWeatherScreenKt.CurrentWeatherScreen.<no name provided>' type=com.vodafone.current_weather.presentation.CurrentWeatherScreenKt.CurrentWeatherScreen.<no name provided> origin=null
                value: GET_VAR '$viewModel: com.vodafone.current_weather.presentation.CurrentWeatherViewModel declared in com.vodafone.current_weather.presentation.CurrentWeatherScreenKt.CurrentWeatherScreen.<no name provided>.<init>' type=com.vodafone.current_weather.presentation.CurrentWeatherViewModel origin=null
              SET_FIELD 'FIELD FIELD_FOR_CAPTURED_VALUE name:$city type:kotlin.String visibility:public/*package*/ [final] declared in com.vodafone.current_weather.presentation.CurrentWeatherScreenKt.CurrentWeatherScreen.<no name provided>' type=kotlin.Unit origin=INITIALIZER_OF_FIELD_FOR_CAPTURED_VALUE
                receiver: GET_VAR '<this>: com.vodafone.current_weather.presentation.CurrentWeatherScreenKt.CurrentWeatherScreen.<no name provided> declared in com.vodafone.current_weather.presentation.CurrentWeatherScreenKt.CurrentWeatherScreen.<no name provided>' type=com.vodafone.current_weather.presentation.CurrentWeatherScreenKt.CurrentWeatherScreen.<no name provided> origin=null
                value: GET_VAR '$city: kotlin.String declared in com.vodafone.current_weather.presentation.CurrentWeatherScreenKt.CurrentWeatherScreen.<no name provided>.<init>' type=kotlin.String origin=null
              DELEGATING_CONSTRUCTOR_CALL 'public constructor <init> (arity: kotlin.Int, $completion: kotlin.coroutines.Continuation<kotlin.Any?>?) declared in kotlin.coroutines.jvm.internal.SuspendLambda'
                arity: CONST Int type=kotlin.Int value=2
                $completion: GET_VAR '$completion: kotlin.coroutines.Continuation<com.vodafone.current_weather.presentation.CurrentWeatherScreenKt.CurrentWeatherScreen.<no name provided>>? declared in com.vodafone.current_weather.presentation.CurrentWeatherScreenKt.CurrentWeatherScreen.<no name provided>.<init>' type=kotlin.coroutines.Continuation<com.vodafone.current_weather.presentation.CurrentWeatherScreenKt.CurrentWeatherScreen.<no name provided>>? origin=null
              BLOCK type=kotlin.Unit origin=null
          FUN name:invokeSuspend visibility:public modality:FINAL <> ($this:com.vodafone.current_weather.presentation.CurrentWeatherScreenKt.CurrentWeatherScreen.<no name provided>, $result:kotlin.Result<kotlin.Any?>) returnType:kotlin.Any?
            overridden:
              protected abstract fun invokeSuspend ($result: kotlin.Result<kotlin.Any?>): kotlin.Any? declared in kotlin.coroutines.jvm.internal.SuspendLambda
            $this: VALUE_PARAMETER INSTANCE_RECEIVER name:<this> type:com.vodafone.current_weather.presentation.CurrentWeatherScreenKt.CurrentWeatherScreen.<no name provided>
            VALUE_PARAMETER name:$result index:0 type:kotlin.Result<kotlin.Any?>
            BLOCK_BODY
              CALL 'public final fun fetchCurrentWeather (city: kotlin.String): kotlin.Unit declared in com.vodafone.current_weather.presentation.CurrentWeatherViewModel' type=kotlin.Unit origin=null
                $this: GET_FIELD 'FIELD FIELD_FOR_CAPTURED_VALUE name:$viewModel type:com.vodafone.current_weather.presentation.CurrentWeatherViewModel visibility:public/*package*/ [final] declared in com.vodafone.current_weather.presentation.CurrentWeatherScreenKt.CurrentWeatherScreen.<no name provided>' type=com.vodafone.current_weather.presentation.CurrentWeatherViewModel origin=null
                  receiver: GET_VAR '<this>: com.vodafone.current_weather.presentation.CurrentWeatherScreenKt.CurrentWeatherScreen.<no name provided> declared in com.vodafone.current_weather.presentation.CurrentWeatherScreenKt.CurrentWeatherScreen.<no name provided>.invokeSuspend' type=com.vodafone.current_weather.presentation.CurrentWeatherScreenKt.CurrentWeatherScreen.<no name provided> origin=null
                city: GET_FIELD 'FIELD FIELD_FOR_CAPTURED_VALUE name:$city type:kotlin.String visibility:public/*package*/ [final] declared in com.vodafone.current_weather.presentation.CurrentWeatherScreenKt.CurrentWeatherScreen.<no name provided>' type=kotlin.String origin=null
                  receiver: GET_VAR '<this>: com.vodafone.current_weather.presentation.CurrentWeatherScreenKt.CurrentWeatherScreen.<no name provided> declared in com.vodafone.current_weather.presentation.CurrentWeatherScreenKt.CurrentWeatherScreen.<no name provided>.invokeSuspend' type=com.vodafone.current_weather.presentation.CurrentWeatherScreenKt.CurrentWeatherScreen.<no name provided> origin=null
          FUN name:create visibility:public modality:FINAL <> ($this:com.vodafone.current_weather.presentation.CurrentWeatherScreenKt.CurrentWeatherScreen.<no name provided>, value:kotlin.Any?, $completion:kotlin.coroutines.Continuation<kotlin.Nothing>) returnType:kotlin.coroutines.Continuation<kotlin.Unit>
            overridden:
              public open fun create (value: kotlin.Any?, $completion: kotlin.coroutines.Continuation<kotlin.Nothing>): kotlin.coroutines.Continuation<kotlin.Unit> declared in kotlin.coroutines.jvm.internal.SuspendLambda
            $this: VALUE_PARAMETER INSTANCE_RECEIVER name:<this> type:com.vodafone.current_weather.presentation.CurrentWeatherScreenKt.CurrentWeatherScreen.<no name provided>
            VALUE_PARAMETER name:value index:0 type:kotlin.Any?
            VALUE_PARAMETER name:$completion index:1 type:kotlin.coroutines.Continuation<kotlin.Nothing>
            BLOCK_BODY
              RETURN type=kotlin.Nothing from='public final fun create (value: kotlin.Any?, $completion: kotlin.coroutines.Continuation<kotlin.Nothing>): kotlin.coroutines.Continuation<kotlin.Unit> declared in com.vodafone.current_weather.presentation.CurrentWeatherScreenKt.CurrentWeatherScreen.<no name provided>'
                CONSTRUCTOR_CALL 'public/*package*/ constructor <init> ($viewModel: com.vodafone.current_weather.presentation.CurrentWeatherViewModel, $city: kotlin.String, $completion: kotlin.coroutines.Continuation<com.vodafone.current_weather.presentation.CurrentWeatherScreenKt.CurrentWeatherScreen.<no name provided>>?) [primary] declared in com.vodafone.current_weather.presentation.CurrentWeatherScreenKt.CurrentWeatherScreen.<no name provided>' type=com.vodafone.current_weather.presentation.CurrentWeatherScreenKt.CurrentWeatherScreen.<no name provided> origin=null
                  $viewModel: GET_FIELD 'FIELD FIELD_FOR_CAPTURED_VALUE name:$viewModel type:com.vodafone.current_weather.presentation.CurrentWeatherViewModel visibility:public/*package*/ [final] declared in com.vodafone.current_weather.presentation.CurrentWeatherScreenKt.CurrentWeatherScreen.<no name provided>' type=com.vodafone.current_weather.presentation.CurrentWeatherViewModel origin=null
                    receiver: GET_VAR '<this>: com.vodafone.current_weather.presentation.CurrentWeatherScreenKt.CurrentWeatherScreen.<no name provided> declared in com.vodafone.current_weather.presentation.CurrentWeatherScreenKt.CurrentWeatherScreen.<no name provided>.create' type=com.vodafone.current_weather.presentation.CurrentWeatherScreenKt.CurrentWeatherScreen.<no name provided> origin=null
                  $city: GET_FIELD 'FIELD FIELD_FOR_CAPTURED_VALUE name:$city type:kotlin.String visibility:public/*package*/ [final] declared in com.vodafone.current_weather.presentation.CurrentWeatherScreenKt.CurrentWeatherScreen.<no name provided>' type=kotlin.String origin=null
                    receiver: GET_VAR '<this>: com.vodafone.current_weather.presentation.CurrentWeatherScreenKt.CurrentWeatherScreen.<no name provided> declared in com.vodafone.current_weather.presentation.CurrentWeatherScreenKt.CurrentWeatherScreen.<no name provided>.create' type=com.vodafone.current_weather.presentation.CurrentWeatherScreenKt.CurrentWeatherScreen.<no name provided> origin=null
                  $completion: GET_VAR '$completion: kotlin.coroutines.Continuation<kotlin.Nothing> declared in com.vodafone.current_weather.presentation.CurrentWeatherScreenKt.CurrentWeatherScreen.<no name provided>.create' type=kotlin.coroutines.Continuation<kotlin.Nothing> origin=null
          FUN name:invoke visibility:public modality:FINAL <> ($this:com.vodafone.current_weather.presentation.CurrentWeatherScreenKt.CurrentWeatherScreen.<no name provided>, p1:kotlinx.coroutines.CoroutineScope, p2:kotlin.coroutines.Continuation<kotlin.Unit>?) returnType:kotlin.Any?
            overridden:
              public abstract fun invoke (p1: P1 of kotlin.jvm.functions.Function2, p2: P2 of kotlin.jvm.functions.Function2): R of kotlin.jvm.functions.Function2 declared in kotlin.jvm.functions.Function2
            $this: VALUE_PARAMETER INSTANCE_RECEIVER name:<this> type:com.vodafone.current_weather.presentation.CurrentWeatherScreenKt.CurrentWeatherScreen.<no name provided>
            VALUE_PARAMETER name:p1 index:0 type:kotlinx.coroutines.CoroutineScope
            VALUE_PARAMETER name:p2 index:1 type:kotlin.coroutines.Continuation<kotlin.Unit>?
            BLOCK_BODY
              RETURN type=kotlin.Nothing from='public final fun invoke (p1: kotlinx.coroutines.CoroutineScope, p2: kotlin.coroutines.Continuation<kotlin.Unit>?): kotlin.Any? declared in com.vodafone.current_weather.presentation.CurrentWeatherScreenKt.CurrentWeatherScreen.<no name provided>'
                CALL 'public final fun invokeSuspend ($result: kotlin.Result<kotlin.Any?>): kotlin.Any? declared in com.vodafone.current_weather.presentation.CurrentWeatherScreenKt.CurrentWeatherScreen.<no name provided>' type=kotlin.Any? origin=null
                  $this: TYPE_OP type=com.vodafone.current_weather.presentation.CurrentWeatherScreenKt.CurrentWeatherScreen.<no name provided> origin=IMPLICIT_CAST typeOperand=com.vodafone.current_weather.presentation.CurrentWeatherScreenKt.CurrentWeatherScreen.<no name provided>
                    CALL 'public final fun create (value: kotlin.Any?, $completion: kotlin.coroutines.Continuation<kotlin.Nothing>): kotlin.coroutines.Continuation<kotlin.Unit> declared in com.vodafone.current_weather.presentation.CurrentWeatherScreenKt.CurrentWeatherScreen.<no name provided>' type=kotlin.coroutines.Continuation<kotlin.Unit> origin=null
                      $this: GET_VAR '<this>: com.vodafone.current_weather.presentation.CurrentWeatherScreenKt.CurrentWeatherScreen.<no name provided> declared in com.vodafone.current_weather.presentation.CurrentWeatherScreenKt.CurrentWeatherScreen.<no name provided>.invoke' type=com.vodafone.current_weather.presentation.CurrentWeatherScreenKt.CurrentWeatherScreen.<no name provided> origin=null
                      value: GET_VAR 'p1: kotlinx.coroutines.CoroutineScope declared in com.vodafone.current_weather.presentation.CurrentWeatherScreenKt.CurrentWeatherScreen.<no name provided>.invoke' type=kotlinx.coroutines.CoroutineScope origin=null
                      $completion: GET_VAR 'p2: kotlin.coroutines.Continuation<kotlin.Unit>? declared in com.vodafone.current_weather.presentation.CurrentWeatherScreenKt.CurrentWeatherScreen.<no name provided>.invoke' type=kotlin.coroutines.Continuation<kotlin.Unit>? origin=null
                  $result: CALL 'public final fun <unsafe-coerce> <T, R> (v: T of kotlin.jvm.internal.<unsafe-coerce>): R of kotlin.jvm.internal.<unsafe-coerce> declared in kotlin.jvm.internal' type=kotlin.Result<kotlin.Any?> origin=null
                    <T>: kotlin.Any?
                    <R>: kotlin.Result<kotlin.Any?>
                    v: GET_FIELD 'FIELD FIELD_FOR_OBJECT_INSTANCE name:INSTANCE type:kotlin.Unit visibility:public [final,static] declared in kotlin.Unit' type=kotlin.Unit origin=null
          FIELD FIELD_FOR_CAPTURED_VALUE name:$viewModel type:com.vodafone.current_weather.presentation.CurrentWeatherViewModel visibility:public/*package*/ [final]
          FIELD FIELD_FOR_CAPTURED_VALUE name:$city type:kotlin.String visibility:public/*package*/ [final]
          FUN BRIDGE name:invoke visibility:public modality:OPEN <> ($this:com.vodafone.current_weather.presentation.CurrentWeatherScreenKt.CurrentWeatherScreen.<no name provided>, p1:kotlin.Any?, p2:kotlin.Any?) returnType:kotlin.Any?
            $this: VALUE_PARAMETER INSTANCE_RECEIVER name:<this> type:com.vodafone.current_weather.presentation.CurrentWeatherScreenKt.CurrentWeatherScreen.<no name provided>
            VALUE_PARAMETER BRIDGE name:p1 index:0 type:kotlin.Any?
            VALUE_PARAMETER BRIDGE name:p2 index:1 type:kotlin.Any?
            EXPRESSION_BODY
              RETURN type=kotlin.Nothing from='public open fun invoke (p1: kotlin.Any?, p2: kotlin.Any?): kotlin.Any? declared in com.vodafone.current_weather.presentation.CurrentWeatherScreenKt.CurrentWeatherScreen.<no name provided>'
                CALL 'public final fun invoke (p1: kotlinx.coroutines.CoroutineScope, p2: kotlin.coroutines.Continuation<kotlin.Unit>?): kotlin.Any? declared in com.vodafone.current_weather.presentation.CurrentWeatherScreenKt.CurrentWeatherScreen.<no name provided>' type=kotlin.Any? origin=BRIDGE_DELEGATION
                  $this: GET_VAR '<this>: com.vodafone.current_weather.presentation.CurrentWeatherScreenKt.CurrentWeatherScreen.<no name provided> declared in com.vodafone.current_weather.presentation.CurrentWeatherScreenKt.CurrentWeatherScreen.<no name provided>.invoke' type=com.vodafone.current_weather.presentation.CurrentWeatherScreenKt.CurrentWeatherScreen.<no name provided> origin=null
                  p1: TYPE_OP type=kotlinx.coroutines.CoroutineScope origin=IMPLICIT_CAST typeOperand=kotlinx.coroutines.CoroutineScope
                    GET_VAR 'p1: kotlin.Any? declared in com.vodafone.current_weather.presentation.CurrentWeatherScreenKt.CurrentWeatherScreen.<no name provided>.invoke' type=kotlin.Any? origin=null
                  p2: TYPE_OP type=kotlin.coroutines.Continuation<*> origin=IMPLICIT_CAST typeOperand=kotlin.coroutines.Continuation<*>
                    GET_VAR 'p2: kotlin.Any? declared in com.vodafone.current_weather.presentation.CurrentWeatherScreenKt.CurrentWeatherScreen.<no name provided>.invoke' type=kotlin.Any? origin=null
        CONSTRUCTOR_CALL 'public/*package*/ constructor <init> ($viewModel: com.vodafone.current_weather.presentation.CurrentWeatherViewModel, $city: kotlin.String, $completion: kotlin.coroutines.Continuation<com.vodafone.current_weather.presentation.CurrentWeatherScreenKt.CurrentWeatherScreen.<no name provided>>?) [primary] declared in com.vodafone.current_weather.presentation.CurrentWeatherScreenKt.CurrentWeatherScreen.<no name provided>' type=com.vodafone.current_weather.presentation.CurrentWeatherScreenKt.CurrentWeatherScreen.<no name provided> origin=null
          $viewModel: GET_VAR 'viewModel: com.vodafone.current_weather.presentation.CurrentWeatherViewModel declared in com.vodafone.current_weather.presentation.CurrentWeatherScreenKt.CurrentWeatherScreen' type=com.vodafone.current_weather.presentation.CurrentWeatherViewModel origin=null
          $city: GET_VAR 'city: kotlin.String declared in com.vodafone.current_weather.presentation.CurrentWeatherScreenKt.CurrentWeatherScreen' type=kotlin.String origin=null
          $completion: CONST Null type=kotlin.Nothing? value=null
    CALL 'public final fun Box$default (modifier: androidx.compose.ui.Modifier?, contentAlignment: androidx.compose.ui.Alignment?, propagateMinConstraints: kotlin.Boolean, content: @[Composable] @[ExtensionFunctionType] kotlin.Function1<androidx.compose.foundation.layout.BoxScope, kotlin.Unit>, $mask0: kotlin.Int, $handler: kotlin.Any?): kotlin.Unit [inline] declared in androidx.compose.foundation.layout.BoxKt' type=kotlin.Unit origin=DEFAULT_DISPATCH_CALL
      modifier: CALL 'public final fun fillMaxSize$default (fraction: kotlin.Float, $mask0: kotlin.Int, $handler: kotlin.Any?): androidx.compose.ui.Modifier declared in androidx.compose.foundation.layout.SizeKt' type=androidx.compose.ui.Modifier origin=DEFAULT_DISPATCH_CALL
        $receiver: GET_FIELD 'FIELD FIELD_FOR_OBJECT_INSTANCE name:Companion type:androidx.compose.ui.Modifier.Companion visibility:public [final,static] declared in androidx.compose.ui.Modifier' type=androidx.compose.ui.Modifier.Companion origin=null
        fraction: COMPOSITE type=kotlin.Float origin=DEFAULT_VALUE
          CONST Float type=kotlin.Float value=0.0
        $mask0: CONST Int type=kotlin.Int value=1
        $handler: CONST Null type=kotlin.Any? value=null
      contentAlignment: CALL 'public final fun <get-Center> (): androidx.compose.ui.Alignment declared in androidx.compose.ui.Alignment.Companion' type=androidx.compose.ui.Alignment origin=GET_PROPERTY
        $this: GET_FIELD 'FIELD FIELD_FOR_OBJECT_INSTANCE name:Companion type:androidx.compose.ui.Alignment.Companion visibility:public [final,static] declared in androidx.compose.ui.Alignment' type=androidx.compose.ui.Alignment.Companion origin=null
      propagateMinConstraints: COMPOSITE type=kotlin.Boolean origin=DEFAULT_VALUE
        CONST Boolean type=kotlin.Boolean value=false
      content: BLOCK type=@[ExtensionFunctionType] kotlin.Function1<androidx.compose.foundation.layout.BoxScope, kotlin.Unit> origin=LAMBDA
        COMPOSITE type=kotlin.Unit origin=null
        FUNCTION_REFERENCE 'private final fun CurrentWeatherScreen$lambda$4 ($state$delegate: androidx.compose.runtime.State<com.vodafone.current_weather.presentation.CurrentWeatherState>, $city: kotlin.String, $onNavigateToForecast: kotlin.Function1<kotlin.String, kotlin.Unit>): kotlin.Unit declared in com.vodafone.current_weather.presentation.CurrentWeatherScreenKt' type=@[ExtensionFunctionType] kotlin.Function1<androidx.compose.foundation.layout.BoxScope, kotlin.Unit> origin=INLINE_LAMBDA reflectionTarget=null
          $state$delegate: GET_VAR 'val state$delegate: androidx.compose.runtime.State<com.vodafone.current_weather.presentation.CurrentWeatherState> [val] declared in com.vodafone.current_weather.presentation.CurrentWeatherScreenKt.CurrentWeatherScreen' type=androidx.compose.runtime.State<com.vodafone.current_weather.presentation.CurrentWeatherState> origin=null
          $city: GET_VAR 'city: kotlin.String declared in com.vodafone.current_weather.presentation.CurrentWeatherScreenKt.CurrentWeatherScreen' type=kotlin.String origin=null
          $onNavigateToForecast: GET_VAR 'onNavigateToForecast: kotlin.Function1<kotlin.String, kotlin.Unit> declared in com.vodafone.current_weather.presentation.CurrentWeatherScreenKt.CurrentWeatherScreen' type=kotlin.Function1<kotlin.String, kotlin.Unit> origin=null
      $mask0: CONST Int type=kotlin.Int value=4
      $handler: CONST Null type=kotlin.Any? value=null

	at org.jetbrains.kotlin.backend.jvm.codegen.FunctionCodegen.generate(FunctionCodegen.kt:48)
	at org.jetbrains.kotlin.backend.jvm.codegen.FunctionCodegen.generate$default(FunctionCodegen.kt:41)
	at org.jetbrains.kotlin.backend.jvm.codegen.ClassCodegen.generateMethodNode(ClassCodegen.kt:407)
	at org.jetbrains.kotlin.backend.jvm.codegen.ClassCodegen.generateMethod(ClassCodegen.kt:424)
	at org.jetbrains.kotlin.backend.jvm.codegen.ClassCodegen.generate(ClassCodegen.kt:169)
	at org.jetbrains.kotlin.backend.jvm.FileCodegen.lower(JvmPhases.kt:39)
	at org.jetbrains.kotlin.backend.common.phaser.PhaseFactoriesKt.createFilePhase$lambda$4(PhaseFactories.kt:71)
	at org.jetbrains.kotlin.backend.common.phaser.PhaseBuildersKt$createSimpleNamedCompilerPhase$1.phaseBody(PhaseBuilders.kt:69)
	at org.jetbrains.kotlin.backend.common.phaser.SimpleNamedCompilerPhase.phaseBody(CompilerPhase.kt:226)
	at org.jetbrains.kotlin.backend.common.phaser.AbstractNamedCompilerPhase.invoke(CompilerPhase.kt:113)
	at org.jetbrains.kotlin.backend.common.phaser.PerformByIrFilePhase.invokeSequential(performByIrFile.kt:52)
	... 45 more
Caused by: java.lang.RuntimeException: Exception while generating code for:
FUN INLINE_LAMBDA name:CurrentWeatherScreen$lambda$4 visibility:private modality:FINAL <> ($receiver:androidx.compose.foundation.layout.BoxScope, $state$delegate:androidx.compose.runtime.State<com.vodafone.current_weather.presentation.CurrentWeatherState>, $city:kotlin.String, $onNavigateToForecast:kotlin.Function1<kotlin.String, kotlin.Unit>) returnType:kotlin.Unit
  $receiver: VALUE_PARAMETER name:$this$Box type:androidx.compose.foundation.layout.BoxScope
  VALUE_PARAMETER BOUND_VALUE_PARAMETER name:$state$delegate index:0 type:androidx.compose.runtime.State<com.vodafone.current_weather.presentation.CurrentWeatherState>
  VALUE_PARAMETER BOUND_VALUE_PARAMETER name:$city index:1 type:kotlin.String
  VALUE_PARAMETER BOUND_VALUE_PARAMETER name:$onNavigateToForecast index:2 type:kotlin.Function1<kotlin.String, kotlin.Unit>
  BLOCK_BODY
    VAR name:$i$a$-Box$default-CurrentWeatherScreenKt$CurrentWeatherScreen$2 type:kotlin.Int [val]
      CONST Int type=kotlin.Int value=0
    BLOCK type=kotlin.Unit origin=WHEN
      VAR IR_TEMPORARY_VARIABLE name:tmp0_subject type:com.vodafone.current_weather.presentation.CurrentWeatherState [val]
        CALL 'private final fun CurrentWeatherScreen$lambda$0 ($state$delegate: androidx.compose.runtime.State<com.vodafone.current_weather.presentation.CurrentWeatherState>): com.vodafone.current_weather.presentation.CurrentWeatherState declared in com.vodafone.current_weather.presentation.CurrentWeatherScreenKt' type=com.vodafone.current_weather.presentation.CurrentWeatherState origin=GET_LOCAL_PROPERTY
          $state$delegate: GET_VAR '$state$delegate: androidx.compose.runtime.State<com.vodafone.current_weather.presentation.CurrentWeatherState> declared in com.vodafone.current_weather.presentation.CurrentWeatherScreenKt.CurrentWeatherScreen$lambda$4' type=androidx.compose.runtime.State<com.vodafone.current_weather.presentation.CurrentWeatherState> origin=null
      WHEN type=kotlin.Unit origin=WHEN
        BRANCH
          if: TYPE_OP type=kotlin.Boolean origin=INSTANCEOF typeOperand=com.vodafone.current_weather.presentation.CurrentWeatherState.Loading
            GET_VAR 'val tmp0_subject: com.vodafone.current_weather.presentation.CurrentWeatherState [val] declared in com.vodafone.current_weather.presentation.CurrentWeatherScreenKt.CurrentWeatherScreen$lambda$4' type=com.vodafone.current_weather.presentation.CurrentWeatherState origin=null
          then: CALL 'public final fun LottieLoader$default (modifier: androidx.compose.ui.Modifier?, animationRes: kotlin.Int, $mask0: kotlin.Int, $handler: kotlin.Any?): kotlin.Unit declared in com.vodafone.core.utils.UiFunctionsHelperKt' type=kotlin.Unit origin=DEFAULT_DISPATCH_CALL
            modifier: COMPOSITE type=androidx.compose.ui.Modifier? origin=DEFAULT_VALUE
              CONST Null type=androidx.compose.ui.Modifier? value=null
            animationRes: GET_FIELD 'FIELD IR_EXTERNAL_JAVA_DECLARATION_STUB name:weather_loader type:kotlin.Int visibility:public [static] declared in com.vodafone.core.R.raw' type=kotlin.Int superQualifierSymbol=com.vodafone.core.R.raw origin=null
            $mask0: CONST Int type=kotlin.Int value=1
            $handler: CONST Null type=kotlin.Any? value=null
        BRANCH
          if: TYPE_OP type=kotlin.Boolean origin=INSTANCEOF typeOperand=com.vodafone.current_weather.presentation.CurrentWeatherState.Success
            GET_VAR 'val tmp0_subject: com.vodafone.current_weather.presentation.CurrentWeatherState [val] declared in com.vodafone.current_weather.presentation.CurrentWeatherScreenKt.CurrentWeatherScreen$lambda$4' type=com.vodafone.current_weather.presentation.CurrentWeatherState origin=null
          then: BLOCK type=kotlin.Unit origin=null
            CALL 'public final fun Column$default (modifier: androidx.compose.ui.Modifier?, verticalArrangement: androidx.compose.foundation.layout.Arrangement.Vertical?, horizontalAlignment: androidx.compose.ui.Alignment.Horizontal?, content: @[Composable] @[ExtensionFunctionType] kotlin.Function1<androidx.compose.foundation.layout.ColumnScope, kotlin.Unit>, $mask0: kotlin.Int, $handler: kotlin.Any?): kotlin.Unit [inline] declared in androidx.compose.foundation.layout.ColumnKt' type=kotlin.Unit origin=DEFAULT_DISPATCH_CALL
              modifier: COMPOSITE type=androidx.compose.ui.Modifier? origin=DEFAULT_VALUE
                CONST Null type=androidx.compose.ui.Modifier? value=null
              verticalArrangement: COMPOSITE type=androidx.compose.foundation.layout.Arrangement.Vertical? origin=DEFAULT_VALUE
                CONST Null type=androidx.compose.foundation.layout.Arrangement.Vertical? value=null
              horizontalAlignment: CALL 'public final fun <get-CenterHorizontally> (): androidx.compose.ui.Alignment.Horizontal declared in androidx.compose.ui.Alignment.Companion' type=androidx.compose.ui.Alignment.Horizontal origin=GET_PROPERTY
                $this: GET_FIELD 'FIELD FIELD_FOR_OBJECT_INSTANCE name:Companion type:androidx.compose.ui.Alignment.Companion visibility:public [final,static] declared in androidx.compose.ui.Alignment' type=androidx.compose.ui.Alignment.Companion origin=null
              content: BLOCK type=@[ExtensionFunctionType] kotlin.Function1<androidx.compose.foundation.layout.ColumnScope, kotlin.Unit> origin=LAMBDA
                COMPOSITE type=kotlin.Unit origin=null
                FUNCTION_REFERENCE 'private final fun CurrentWeatherScreen$lambda$4$lambda$3 ($city: kotlin.String, $onNavigateToForecast: kotlin.Function1<kotlin.String, kotlin.Unit>): kotlin.Unit declared in com.vodafone.current_weather.presentation.CurrentWeatherScreenKt' type=@[ExtensionFunctionType] kotlin.Function1<androidx.compose.foundation.layout.ColumnScope, kotlin.Unit> origin=INLINE_LAMBDA reflectionTarget=null
                  $city: GET_VAR '$city: kotlin.String declared in com.vodafone.current_weather.presentation.CurrentWeatherScreenKt.CurrentWeatherScreen$lambda$4' type=kotlin.String origin=null
                  $onNavigateToForecast: GET_VAR '$onNavigateToForecast: kotlin.Function1<kotlin.String, kotlin.Unit> declared in com.vodafone.current_weather.presentation.CurrentWeatherScreenKt.CurrentWeatherScreen$lambda$4' type=kotlin.Function1<kotlin.String, kotlin.Unit> origin=null
              $mask0: CONST Int type=kotlin.Int value=3
              $handler: CONST Null type=kotlin.Any? value=null
        BRANCH
          if: TYPE_OP type=kotlin.Boolean origin=INSTANCEOF typeOperand=com.vodafone.current_weather.presentation.CurrentWeatherState.Error
            GET_VAR 'val tmp0_subject: com.vodafone.current_weather.presentation.CurrentWeatherState [val] declared in com.vodafone.current_weather.presentation.CurrentWeatherScreenKt.CurrentWeatherScreen$lambda$4' type=com.vodafone.current_weather.presentation.CurrentWeatherState origin=null
          then: CALL 'public final fun ErrorMessage (message: kotlin.String): kotlin.Unit declared in com.vodafone.core.utils.UiFunctionsHelperKt' type=kotlin.Unit origin=null
            message: CALL 'public final fun <get-message> (): kotlin.String declared in com.vodafone.current_weather.presentation.CurrentWeatherState.Error' type=kotlin.String origin=GET_PROPERTY
              $this: BLOCK type=com.vodafone.current_weather.presentation.CurrentWeatherState.Error origin=null
                VAR IR_TEMPORARY_VARIABLE name:tmp0 type:kotlin.Any? [val]
                  CALL 'private final fun CurrentWeatherScreen$lambda$0 ($state$delegate: androidx.compose.runtime.State<com.vodafone.current_weather.presentation.CurrentWeatherState>): com.vodafone.current_weather.presentation.CurrentWeatherState declared in com.vodafone.current_weather.presentation.CurrentWeatherScreenKt' type=com.vodafone.current_weather.presentation.CurrentWeatherState origin=GET_LOCAL_PROPERTY
                    $state$delegate: GET_VAR '$state$delegate: androidx.compose.runtime.State<com.vodafone.current_weather.presentation.CurrentWeatherState> declared in com.vodafone.current_weather.presentation.CurrentWeatherScreenKt.CurrentWeatherScreen$lambda$4' type=androidx.compose.runtime.State<com.vodafone.current_weather.presentation.CurrentWeatherState> origin=null
                CALL 'public final fun checkNotNull (object: kotlin.Any?, message: kotlin.String): kotlin.Unit declared in kotlin.jvm.internal.Intrinsics' type=kotlin.Unit origin=null
                  object: GET_VAR 'val tmp0: kotlin.Any? [val] declared in com.vodafone.current_weather.presentation.CurrentWeatherScreenKt.CurrentWeatherScreen$lambda$4' type=kotlin.Any? origin=null
                  message: CONST String type=kotlin.String value="null cannot be cast to non-null type com.vodafone.current_weather.presentation.CurrentWeatherState.Error"
                TYPE_OP type=com.vodafone.current_weather.presentation.CurrentWeatherState.Error? origin=CAST typeOperand=com.vodafone.current_weather.presentation.CurrentWeatherState.Error?
                  GET_VAR 'val tmp0: kotlin.Any? [val] declared in com.vodafone.current_weather.presentation.CurrentWeatherScreenKt.CurrentWeatherScreen$lambda$4' type=kotlin.Any? origin=null
        BRANCH
          if: CONST Boolean type=kotlin.Boolean value=true
          then: CALL 'public final fun Text-80ic1_w$default (text: kotlin.String, modifier: androidx.compose.ui.Modifier?, color: androidx.compose.ui.graphics.Color, fontSize: androidx.compose.ui.unit.TextUnit, fontStyle: androidx.compose.ui.text.font.FontStyle?, fontWeight: androidx.compose.ui.text.font.FontWeight?, fontFamily: androidx.compose.ui.text.font.FontFamily?, letterSpacing: androidx.compose.ui.unit.TextUnit, textDecoration: androidx.compose.ui.text.style.TextDecoration?, textAlign: androidx.compose.ui.text.style.TextAlign?, lineHeight: androidx.compose.ui.unit.TextUnit, overflow: androidx.compose.ui.text.style.TextOverflow, softWrap: kotlin.Boolean, maxLines: kotlin.Int, minLines: kotlin.Int, onTextLayout: kotlin.Function1<androidx.compose.ui.text.TextLayoutResult, kotlin.Unit>?, style: androidx.compose.ui.text.TextStyle?, $mask0: kotlin.Int, $handler: kotlin.Any?): kotlin.Unit declared in androidx.compose.material3.TextKt' type=kotlin.Unit origin=DEFAULT_DISPATCH_CALL
            text: CONST String type=kotlin.String value="Enter a city to fetch weather data."
            modifier: COMPOSITE type=androidx.compose.ui.Modifier? origin=DEFAULT_VALUE
              CONST Null type=androidx.compose.ui.Modifier? value=null
            color: COMPOSITE type=androidx.compose.ui.graphics.Color origin=DEFAULT_VALUE
              CALL 'public final fun <unsafe-coerce> <T, R> (v: T of kotlin.jvm.internal.<unsafe-coerce>): R of kotlin.jvm.internal.<unsafe-coerce> declared in kotlin.jvm.internal' type=androidx.compose.ui.graphics.Color origin=null
                <T>: kotlin.Long
                <R>: androidx.compose.ui.graphics.Color
                v: CONST Long type=kotlin.Long value=0
            fontSize: COMPOSITE type=androidx.compose.ui.unit.TextUnit origin=DEFAULT_VALUE
              CALL 'public final fun <unsafe-coerce> <T, R> (v: T of kotlin.jvm.internal.<unsafe-coerce>): R of kotlin.jvm.internal.<unsafe-coerce> declared in kotlin.jvm.internal' type=androidx.compose.ui.unit.TextUnit origin=null
                <T>: kotlin.Long
                <R>: androidx.compose.ui.unit.TextUnit
                v: CONST Long type=kotlin.Long value=0
            fontStyle: COMPOSITE type=androidx.compose.ui.text.font.FontStyle? origin=DEFAULT_VALUE
              CONST Null type=androidx.compose.ui.text.font.FontStyle? value=null
            fontWeight: COMPOSITE type=androidx.compose.ui.text.font.FontWeight? origin=DEFAULT_VALUE
              CONST Null type=androidx.compose.ui.text.font.FontWeight? value=null
            fontFamily: COMPOSITE type=androidx.compose.ui.text.font.FontFamily? origin=DEFAULT_VALUE
              CONST Null type=androidx.compose.ui.text.font.FontFamily? value=null
            letterSpacing: COMPOSITE type=androidx.compose.ui.unit.TextUnit origin=DEFAULT_VALUE
              CALL 'public final fun <unsafe-coerce> <T, R> (v: T of kotlin.jvm.internal.<unsafe-coerce>): R of kotlin.jvm.internal.<unsafe-coerce> declared in kotlin.jvm.internal' type=androidx.compose.ui.unit.TextUnit origin=null
                <T>: kotlin.Long
                <R>: androidx.compose.ui.unit.TextUnit
                v: CONST Long type=kotlin.Long value=0
            textDecoration: COMPOSITE type=androidx.compose.ui.text.style.TextDecoration? origin=DEFAULT_VALUE
              CONST Null type=androidx.compose.ui.text.style.TextDecoration? value=null
            textAlign: COMPOSITE type=androidx.compose.ui.text.style.TextAlign? origin=DEFAULT_VALUE
              CONST Null type=androidx.compose.ui.text.style.TextAlign? value=null
            lineHeight: COMPOSITE type=androidx.compose.ui.unit.TextUnit origin=DEFAULT_VALUE
              CALL 'public final fun <unsafe-coerce> <T, R> (v: T of kotlin.jvm.internal.<unsafe-coerce>): R of kotlin.jvm.internal.<unsafe-coerce> declared in kotlin.jvm.internal' type=androidx.compose.ui.unit.TextUnit origin=null
                <T>: kotlin.Long
                <R>: androidx.compose.ui.unit.TextUnit
                v: CONST Long type=kotlin.Long value=0
            overflow: COMPOSITE type=androidx.compose.ui.text.style.TextOverflow origin=DEFAULT_VALUE
              CALL 'public final fun <unsafe-coerce> <T, R> (v: T of kotlin.jvm.internal.<unsafe-coerce>): R of kotlin.jvm.internal.<unsafe-coerce> declared in kotlin.jvm.internal' type=androidx.compose.ui.text.style.TextOverflow origin=null
                <T>: kotlin.Int
                <R>: androidx.compose.ui.text.style.TextOverflow
                v: CONST Int type=kotlin.Int value=0
            softWrap: COMPOSITE type=kotlin.Boolean origin=DEFAULT_VALUE
              CONST Boolean type=kotlin.Boolean value=false
            maxLines: COMPOSITE type=kotlin.Int origin=DEFAULT_VALUE
              CONST Int type=kotlin.Int value=0
            minLines: COMPOSITE type=kotlin.Int origin=DEFAULT_VALUE
              CONST Int type=kotlin.Int value=0
            onTextLayout: COMPOSITE type=kotlin.Function1<androidx.compose.ui.text.TextLayoutResult, kotlin.Unit>? origin=DEFAULT_VALUE
              CONST Null type=kotlin.Function1<androidx.compose.ui.text.TextLayoutResult, kotlin.Unit>? value=null
            style: COMPOSITE type=androidx.compose.ui.text.TextStyle? origin=DEFAULT_VALUE
              CONST Null type=androidx.compose.ui.text.TextStyle? value=null
            $mask0: CONST Int type=kotlin.Int value=131070
            $handler: CONST Null type=kotlin.Any? value=null

	at org.jetbrains.kotlin.backend.jvm.codegen.FunctionCodegen.generate(FunctionCodegen.kt:48)
	at org.jetbrains.kotlin.backend.jvm.codegen.IrSourceCompilerForInline.generateLambdaBody(IrSourceCompilerForInline.kt:67)
	at org.jetbrains.kotlin.codegen.inline.ExpressionLambda.generateLambdaBody(LambdaInfo.kt:72)
	at org.jetbrains.kotlin.backend.jvm.codegen.IrInlineCodegen.genValueAndPut(IrInlineCodegen.kt:100)
	at org.jetbrains.kotlin.backend.jvm.codegen.ExpressionCodegen.visitCall$handleParameter(ExpressionCodegen.kt:561)
	at org.jetbrains.kotlin.backend.jvm.codegen.ExpressionCodegen.visitCall(ExpressionCodegen.kt:589)
	at org.jetbrains.kotlin.backend.jvm.codegen.ExpressionCodegen.visitCall(ExpressionCodegen.kt:134)
	at org.jetbrains.kotlin.ir.expressions.IrCall.accept(IrCall.kt:24)
	at org.jetbrains.kotlin.backend.jvm.codegen.ExpressionCodegen.visitStatementContainer(ExpressionCodegen.kt:524)
	at org.jetbrains.kotlin.backend.jvm.codegen.ExpressionCodegen.visitBlockBody(ExpressionCodegen.kt:529)
	at org.jetbrains.kotlin.backend.jvm.codegen.ExpressionCodegen.visitBlockBody(ExpressionCodegen.kt:134)
	at org.jetbrains.kotlin.ir.expressions.IrBlockBody.accept(IrBlockBody.kt:20)
	at org.jetbrains.kotlin.backend.jvm.codegen.ExpressionCodegen.generate(ExpressionCodegen.kt:236)
	at org.jetbrains.kotlin.backend.jvm.codegen.FunctionCodegen.doGenerate(FunctionCodegen.kt:124)
	at org.jetbrains.kotlin.backend.jvm.codegen.FunctionCodegen.generate(FunctionCodegen.kt:45)
	... 55 more
Caused by: org.jetbrains.kotlin.codegen.CompilationException: Back-end (JVM) Internal error: Couldn't inline method call: CALL 'public final fun Column$default (modifier: androidx.compose.ui.Modifier?, verticalArrangement: androidx.compose.foundation.layout.Arrangement.Vertical?, horizontalAlignment: androidx.compose.ui.Alignment.Horizontal?, content: @[Composable] @[ExtensionFunctionType] kotlin.Function1<androidx.compose.foundation.layout.ColumnScope, kotlin.Unit>, $mask0: kotlin.Int, $handler: kotlin.Any?): kotlin.Unit [inline] declared in androidx.compose.foundation.layout.ColumnKt' type=kotlin.Unit origin=DEFAULT_DISPATCH_CALL
Method: null
File is unknown
The root cause java.lang.IllegalStateException was thrown at: org.jetbrains.kotlin.codegen.inline.SourceCompilerForInlineKt.getMethodNode(SourceCompilerForInline.kt:118)
	at org.jetbrains.kotlin.codegen.inline.InlineCodegen.performInline(InlineCodegen.kt:65)
	at org.jetbrains.kotlin.backend.jvm.codegen.IrInlineCodegen.genInlineCall(IrInlineCodegen.kt:163)
	at org.jetbrains.kotlin.backend.jvm.codegen.IrInlineCallGenerator.genCall(IrInlineCallGenerator.kt:36)
	at org.jetbrains.kotlin.backend.jvm.codegen.ExpressionCodegen.visitCall(ExpressionCodegen.kt:598)
	at org.jetbrains.kotlin.backend.jvm.codegen.ExpressionCodegen.visitCall(ExpressionCodegen.kt:134)
	at org.jetbrains.kotlin.ir.expressions.IrCall.accept(IrCall.kt:24)
	at org.jetbrains.kotlin.backend.jvm.codegen.ExpressionCodegen.visitStatementContainer(ExpressionCodegen.kt:524)
	at org.jetbrains.kotlin.backend.jvm.codegen.ExpressionCodegen.visitContainerExpression(ExpressionCodegen.kt:538)
	at org.jetbrains.kotlin.backend.jvm.codegen.ExpressionCodegen.visitContainerExpression(ExpressionCodegen.kt:134)
	at org.jetbrains.kotlin.ir.visitors.IrElementVisitor$DefaultImpls.visitBlock(IrElementVisitor.kt:126)
	at org.jetbrains.kotlin.backend.jvm.codegen.ExpressionCodegen.visitBlock(ExpressionCodegen.kt:409)
	at org.jetbrains.kotlin.backend.jvm.codegen.ExpressionCodegen.visitBlock(ExpressionCodegen.kt:134)
	at org.jetbrains.kotlin.ir.expressions.IrBlock.accept(IrBlock.kt:18)
	at org.jetbrains.kotlin.backend.jvm.codegen.ExpressionCodegen.visitWhen(ExpressionCodegen.kt:1050)
	at org.jetbrains.kotlin.backend.jvm.codegen.ExpressionCodegen.visitWhen(ExpressionCodegen.kt:134)
	at org.jetbrains.kotlin.ir.expressions.IrWhen.accept(IrWhen.kt:24)
	at org.jetbrains.kotlin.backend.jvm.codegen.ExpressionCodegen.visitStatementContainer(ExpressionCodegen.kt:524)
	at org.jetbrains.kotlin.backend.jvm.codegen.ExpressionCodegen.visitContainerExpression(ExpressionCodegen.kt:538)
	at org.jetbrains.kotlin.backend.jvm.codegen.ExpressionCodegen.visitContainerExpression(ExpressionCodegen.kt:134)
	at org.jetbrains.kotlin.ir.visitors.IrElementVisitor$DefaultImpls.visitBlock(IrElementVisitor.kt:126)
	at org.jetbrains.kotlin.backend.jvm.codegen.ExpressionCodegen.visitBlock(ExpressionCodegen.kt:409)
	at org.jetbrains.kotlin.backend.jvm.codegen.ExpressionCodegen.visitBlock(ExpressionCodegen.kt:134)
	at org.jetbrains.kotlin.ir.expressions.IrBlock.accept(IrBlock.kt:18)
	at org.jetbrains.kotlin.backend.jvm.codegen.ExpressionCodegen.visitStatementContainer(ExpressionCodegen.kt:524)
	at org.jetbrains.kotlin.backend.jvm.codegen.ExpressionCodegen.visitBlockBody(ExpressionCodegen.kt:529)
	at org.jetbrains.kotlin.backend.jvm.codegen.ExpressionCodegen.visitBlockBody(ExpressionCodegen.kt:134)
	at org.jetbrains.kotlin.ir.expressions.IrBlockBody.accept(IrBlockBody.kt:20)
	at org.jetbrains.kotlin.backend.jvm.codegen.ExpressionCodegen.generate(ExpressionCodegen.kt:236)
	at org.jetbrains.kotlin.backend.jvm.codegen.FunctionCodegen.doGenerate(FunctionCodegen.kt:124)
	at org.jetbrains.kotlin.backend.jvm.codegen.FunctionCodegen.generate(FunctionCodegen.kt:45)
	... 69 more
Caused by: java.lang.IllegalStateException: couldn't find inline method Landroidx/compose/foundation/layout/ColumnKt;.Column$default(Landroidx/compose/ui/Modifier;Landroidx/compose/foundation/layout/Arrangement$Vertical;Landroidx/compose/ui/Alignment$Horizontal;Lkotlin/jvm/functions/Function1;ILjava/lang/Object;)V
	at org.jetbrains.kotlin.codegen.inline.SourceCompilerForInlineKt.getMethodNode(SourceCompilerForInline.kt:118)
	at org.jetbrains.kotlin.codegen.inline.SourceCompilerForInlineKt.loadCompiledInlineFunction(SourceCompilerForInline.kt:96)
	at org.jetbrains.kotlin.backend.jvm.codegen.IrSourceCompilerForInline.compileInlineFunction(IrSourceCompilerForInline.kt:91)
	at org.jetbrains.kotlin.codegen.inline.InlineCodegen.compileInline(InlineCodegen.kt:43)
	at org.jetbrains.kotlin.codegen.inline.InlineCodegen.performInline(InlineCodegen.kt:51)
	... 98 more


